[0m18:43:03.094654 [debug] [MainThread]: Sending event: {'category': 'dbt', 'action': 'invocation', 'label': 'start', 'context': [<snowplow_tracker.self_describing_json.SelfDescribingJson object at 0x000001D32F451FD0>, <snowplow_tracker.self_describing_json.SelfDescribingJson object at 0x000001D33023CB90>, <snowplow_tracker.self_describing_json.SelfDescribingJson object at 0x000001D3303AFD90>]}


============================== 18:43:03.097916 | 173a30e3-19d3-4f2c-acc7-49404f5086b8 ==============================
[0m18:43:03.097916 [info ] [MainThread]: Running with dbt=1.9.4
[0m18:43:03.098398 [debug] [MainThread]: running dbt with arguments {'printer_width': '80', 'indirect_selection': 'eager', 'write_json': 'True', 'log_cache_events': 'False', 'partial_parse': 'True', 'cache_selected_only': 'False', 'profiles_dir': 'C:\\Users\\adams\\.dbt', 'debug': 'False', 'fail_fast': 'False', 'log_path': 'logs', 'version_check': 'True', 'warn_error': 'None', 'use_colors': 'True', 'use_experimental_parser': 'False', 'no_print': 'None', 'quiet': 'False', 'empty': 'None', 'log_format': 'default', 'static_parser': 'True', 'introspect': 'True', 'warn_error_options': 'WarnErrorOptions(include=[], exclude=[])', 'target_path': 'None', 'invocation_command': 'dbt init oef_system', 'send_anonymous_usage_stats': 'True'}
[0m18:43:03.106513 [warn ] [MainThread]: [ConfigFolderDirectory]: Unable to parse logging event dictionary. Failed to parse dir field: expected string or bytes-like object, got 'WindowsPath'.. Dictionary: {'dir': WindowsPath('C:/Users/adams/.dbt')}
[0m18:43:03.106790 [info ] [MainThread]: Creating dbt configuration folder at 
[0m18:43:03.108116 [debug] [MainThread]: Starter project path: C:\Users\adams\Documents\CodeProjects\OEF\venv\Lib\site-packages\dbt\include\starter_project
[0m18:43:03.123367 [info ] [MainThread]: 
Your new dbt project "oef_system" was created!

For more information on how to configure the profiles.yml file,
please consult the dbt documentation here:

  https://docs.getdbt.com/docs/configure-your-profile

One more thing:

Need help? Don't hesitate to reach out to us via GitHub issues or on Slack:

  https://community.getdbt.com/

Happy modeling!

[0m18:43:03.123810 [info ] [MainThread]: Setting up your profile.
[0m18:59:55.386405 [info ] [MainThread]: Profile oef_system written to C:\Users\adams\.dbt\profiles.yml using target's profile_template.yml and your supplied values. Run 'dbt debug' to validate the connection.
[0m18:59:55.387405 [debug] [MainThread]: Command `dbt init` succeeded at 18:59:55.387316 after 1012.36 seconds
[0m18:59:55.387627 [debug] [MainThread]: Sending event: {'category': 'dbt', 'action': 'invocation', 'label': 'end', 'context': [<snowplow_tracker.self_describing_json.SelfDescribingJson object at 0x000001D3323AE190>, <snowplow_tracker.self_describing_json.SelfDescribingJson object at 0x000001D331798830>, <snowplow_tracker.self_describing_json.SelfDescribingJson object at 0x000001D3322D39B0>]}
[0m18:59:55.387878 [debug] [MainThread]: Flushing usage events
[0m18:59:55.710112 [debug] [MainThread]: An error was encountered while trying to flush usage events
[0m21:58:29.171337 [debug] [MainThread]: Sending event: {'category': 'dbt', 'action': 'invocation', 'label': 'start', 'context': [<snowplow_tracker.self_describing_json.SelfDescribingJson object at 0x00000283A73E1FD0>, <snowplow_tracker.self_describing_json.SelfDescribingJson object at 0x00000283A81CCB90>, <snowplow_tracker.self_describing_json.SelfDescribingJson object at 0x00000283A8347D90>]}


============================== 21:58:29.173791 | df8c87b0-3160-4f94-8f0b-a3d031cdcb4b ==============================
[0m21:58:29.173791 [info ] [MainThread]: Running with dbt=1.9.4
[0m21:58:29.174173 [debug] [MainThread]: running dbt with arguments {'printer_width': '80', 'indirect_selection': 'eager', 'log_cache_events': 'False', 'write_json': 'True', 'partial_parse': 'True', 'cache_selected_only': 'False', 'warn_error': 'None', 'fail_fast': 'False', 'debug': 'False', 'log_path': 'logs', 'version_check': 'True', 'profiles_dir': 'C:\\Users\\adams\\.dbt', 'use_colors': 'True', 'use_experimental_parser': 'False', 'no_print': 'None', 'quiet': 'False', 'empty': 'False', 'log_format': 'default', 'invocation_command': 'dbt compile', 'warn_error_options': 'WarnErrorOptions(include=[], exclude=[])', 'static_parser': 'True', 'target_path': 'None', 'introspect': 'True', 'send_anonymous_usage_stats': 'True'}
[0m21:58:29.174463 [error] [MainThread]: Encountered an error:
Runtime Error
  No dbt_project.yml found at expected path C:\Users\adams\Documents\CodeProjects\OEF\dbt_project.yml
  Verify that each entry within packages.yml (and their transitive dependencies) contains a file named dbt_project.yml
  
[0m21:58:29.174913 [debug] [MainThread]: Command `dbt compile` failed at 21:58:29.174834 after 0.07 seconds
[0m21:58:29.175089 [debug] [MainThread]: Sending event: {'category': 'dbt', 'action': 'invocation', 'label': 'end', 'context': [<snowplow_tracker.self_describing_json.SelfDescribingJson object at 0x00000283A8203BB0>, <snowplow_tracker.self_describing_json.SelfDescribingJson object at 0x00000283A8370950>, <snowplow_tracker.self_describing_json.SelfDescribingJson object at 0x00000283A8229590>]}
[0m21:58:29.175253 [debug] [MainThread]: Flushing usage events
[0m21:58:29.489738 [debug] [MainThread]: An error was encountered while trying to flush usage events
[0m23:00:37.194877 [debug] [MainThread]: Sending event: {'category': 'dbt', 'action': 'invocation', 'label': 'start', 'context': [<snowplow_tracker.self_describing_json.SelfDescribingJson object at 0x00000197E3DC1FD0>, <snowplow_tracker.self_describing_json.SelfDescribingJson object at 0x00000197E4BACB90>, <snowplow_tracker.self_describing_json.SelfDescribingJson object at 0x00000197E4D27D90>]}


============================== 23:00:37.198502 | b30d3849-5ac6-4a36-88e0-bbb285103cba ==============================
[0m23:00:37.198502 [info ] [MainThread]: Running with dbt=1.9.4
[0m23:00:37.198879 [debug] [MainThread]: running dbt with arguments {'printer_width': '80', 'indirect_selection': 'eager', 'log_cache_events': 'False', 'write_json': 'True', 'partial_parse': 'True', 'cache_selected_only': 'False', 'warn_error': 'None', 'version_check': 'True', 'debug': 'False', 'log_path': 'logs', 'fail_fast': 'False', 'profiles_dir': 'C:\\Users\\adams\\.dbt', 'use_colors': 'True', 'use_experimental_parser': 'False', 'no_print': 'None', 'quiet': 'False', 'empty': 'False', 'log_format': 'default', 'introspect': 'True', 'static_parser': 'True', 'warn_error_options': 'WarnErrorOptions(include=[], exclude=[])', 'target_path': 'None', 'invocation_command': 'dbt compile', 'send_anonymous_usage_stats': 'True'}
[0m23:00:37.199126 [error] [MainThread]: Encountered an error:
Runtime Error
  No dbt_project.yml found at expected path C:\Users\adams\Documents\CodeProjects\OEF\dbt_project.yml
  Verify that each entry within packages.yml (and their transitive dependencies) contains a file named dbt_project.yml
  
[0m23:00:37.199573 [debug] [MainThread]: Command `dbt compile` failed at 23:00:37.199494 after 0.08 seconds
[0m23:00:37.199751 [debug] [MainThread]: Sending event: {'category': 'dbt', 'action': 'invocation', 'label': 'end', 'context': [<snowplow_tracker.self_describing_json.SelfDescribingJson object at 0x00000197E4BE3BB0>, <snowplow_tracker.self_describing_json.SelfDescribingJson object at 0x00000197E4D50950>, <snowplow_tracker.self_describing_json.SelfDescribingJson object at 0x00000197E4C09590>]}
[0m23:00:37.199921 [debug] [MainThread]: Flushing usage events
[0m23:00:37.541234 [debug] [MainThread]: An error was encountered while trying to flush usage events
[0m18:08:14.660659 [debug] [MainThread]: Sending event: {'category': 'dbt', 'action': 'invocation', 'label': 'start', 'context': [<snowplow_tracker.self_describing_json.SelfDescribingJson object at 0x00000288C663A270>, <snowplow_tracker.self_describing_json.SelfDescribingJson object at 0x00000288C42FDD10>, <snowplow_tracker.self_describing_json.SelfDescribingJson object at 0x00000288C75CBED0>]}


============================== 18:08:14.663631 | cd71d4e6-06d9-4d16-befd-f8f194f08136 ==============================
[0m18:08:14.663631 [info ] [MainThread]: Running with dbt=1.9.8
[0m18:08:14.664238 [debug] [MainThread]: running dbt with arguments {'printer_width': '80', 'indirect_selection': 'eager', 'log_cache_events': 'False', 'write_json': 'True', 'partial_parse': 'True', 'cache_selected_only': 'False', 'profiles_dir': 'C:\\Users\\adams\\.dbt', 'debug': 'False', 'warn_error': 'None', 'log_path': 'logs', 'fail_fast': 'False', 'version_check': 'True', 'use_colors': 'True', 'use_experimental_parser': 'False', 'empty': 'None', 'quiet': 'False', 'no_print': 'None', 'log_format': 'default', 'invocation_command': 'dbt debug', 'introspect': 'True', 'static_parser': 'True', 'target_path': 'None', 'warn_error_options': 'WarnErrorOptions(include=[], exclude=[])', 'send_anonymous_usage_stats': 'True'}
[0m18:08:14.672933 [info ] [MainThread]: dbt version: 1.9.8
[0m18:08:14.673191 [info ] [MainThread]: python version: 3.13.1
[0m18:08:14.673578 [info ] [MainThread]: python path: C:\Users\adams\Documents\CodeProjects\OEF\fresh_env\Scripts\python.exe
[0m18:08:14.673904 [info ] [MainThread]: os info: Windows-11-10.0.26100-SP0
[0m18:08:15.010040 [info ] [MainThread]: Using profiles dir at C:\Users\adams\.dbt
[0m18:08:15.010576 [info ] [MainThread]: Using profiles.yml file at C:\Users\adams\.dbt\profiles.yml
[0m18:08:15.011035 [info ] [MainThread]: Using dbt_project.yml file at C:\Users\adams\Documents\CodeProjects\OEF\dbt_project.yml
[0m18:08:15.011751 [info ] [MainThread]: adapter type: snowflake
[0m18:08:15.011994 [info ] [MainThread]: adapter version: 1.9.4
[0m18:08:15.012227 [info ] [MainThread]: Configuration:
[0m18:08:15.012374 [info ] [MainThread]:   profiles.yml file [[32mOK found and valid[0m]
[0m18:08:15.012509 [info ] [MainThread]:   dbt_project.yml file [[31mERROR not found[0m]
[0m18:08:15.012638 [info ] [MainThread]: Required dependencies:
[0m18:08:15.012779 [debug] [MainThread]: Executing "git --help"
[0m18:08:15.031068 [debug] [MainThread]: STDOUT: "b"usage: git [-v | --version] [-h | --help] [-C <path>] [-c <name>=<value>]\n           [--exec-path[=<path>]] [--html-path] [--man-path] [--info-path]\n           [-p | --paginate | -P | --no-pager] [--no-replace-objects] [--no-lazy-fetch]\n           [--no-optional-locks] [--no-advice] [--bare] [--git-dir=<path>]\n           [--work-tree=<path>] [--namespace=<name>] [--config-env=<name>=<envvar>]\n           <command> [<args>]\n\nThese are common Git commands used in various situations:\n\nstart a working area (see also: git help tutorial)\n   clone      Clone a repository into a new directory\n   init       Create an empty Git repository or reinitialize an existing one\n\nwork on the current change (see also: git help everyday)\n   add        Add file contents to the index\n   mv         Move or rename a file, a directory, or a symlink\n   restore    Restore working tree files\n   rm         Remove files from the working tree and from the index\n\nexamine the history and state (see also: git help revisions)\n   bisect     Use binary search to find the commit that introduced a bug\n   diff       Show changes between commits, commit and working tree, etc\n   grep       Print lines matching a pattern\n   log        Show commit logs\n   show       Show various types of objects\n   status     Show the working tree status\n\ngrow, mark and tweak your common history\n   backfill   Download missing objects in a partial clone\n   branch     List, create, or delete branches\n   commit     Record changes to the repository\n   merge      Join two or more development histories together\n   rebase     Reapply commits on top of another base tip\n   reset      Reset current HEAD to the specified state\n   switch     Switch branches\n   tag        Create, list, delete or verify a tag object signed with GPG\n\ncollaborate (see also: git help workflows)\n   fetch      Download objects and refs from another repository\n   pull       Fetch from and integrate with another repository or a local branch\n   push       Update remote refs along with associated objects\n\n'git help -a' and 'git help -g' list available subcommands and some\nconcept guides. See 'git help <command>' or 'git help <concept>'\nto read about a specific subcommand or concept.\nSee 'git help git' for an overview of the system.\n""
[0m18:08:15.031380 [debug] [MainThread]: STDERR: "b''"
[0m18:08:15.031591 [info ] [MainThread]:  - git [[32mOK found[0m]

[0m18:08:15.031834 [info ] [MainThread]: Connection:
[0m18:08:15.032025 [info ] [MainThread]:   account: mufyzax-yrb66666
[0m18:08:15.032167 [info ] [MainThread]:   user: ASKALENAKIS
[0m18:08:15.032293 [info ] [MainThread]:   database: OEF
[0m18:08:15.032414 [info ] [MainThread]:   warehouse: compute_wh
[0m18:08:15.032533 [info ] [MainThread]:   role: None
[0m18:08:15.032652 [info ] [MainThread]:   schema: practice
[0m18:08:15.032771 [info ] [MainThread]:   authenticator: None
[0m18:08:15.033073 [info ] [MainThread]:   oauth_client_id: None
[0m18:08:15.033406 [info ] [MainThread]:   query_tag: None
[0m18:08:15.033568 [info ] [MainThread]:   client_session_keep_alive: False
[0m18:08:15.033702 [info ] [MainThread]:   host: None
[0m18:08:15.033823 [info ] [MainThread]:   port: None
[0m18:08:15.033938 [info ] [MainThread]:   proxy_host: None
[0m18:08:15.034051 [info ] [MainThread]:   proxy_port: None
[0m18:08:15.034164 [info ] [MainThread]:   protocol: None
[0m18:08:15.034277 [info ] [MainThread]:   connect_retries: 1
[0m18:08:15.034391 [info ] [MainThread]:   connect_timeout: None
[0m18:08:15.034505 [info ] [MainThread]:   retry_on_database_errors: False
[0m18:08:15.034619 [info ] [MainThread]:   retry_all: False
[0m18:08:15.034731 [info ] [MainThread]:   insecure_mode: False
[0m18:08:15.034923 [info ] [MainThread]:   reuse_connections: True
[0m18:08:15.035264 [info ] [MainThread]: Registered adapter: snowflake=1.9.4
[0m18:08:15.148542 [debug] [MainThread]: Acquiring new snowflake connection 'debug'
[0m18:08:15.756313 [debug] [MainThread]: Using snowflake connection "debug"
[0m18:08:15.756582 [debug] [MainThread]: On debug: select 1 as id
[0m18:08:15.756709 [debug] [MainThread]: Opening a new connection, currently in state init
[0m18:08:16.590733 [debug] [MainThread]: SQL status: SUCCESS 1 in 0.834 seconds
[0m18:08:16.591352 [info ] [MainThread]:   Connection test: [[32mOK connection ok[0m]

[0m18:08:16.591813 [info ] [MainThread]: [31m1 check failed:[0m
[0m18:08:16.592306 [info ] [MainThread]: Project loading failed for the following reason:
 project path <C:\Users\adams\Documents\CodeProjects\OEF\dbt_project.yml> not found

[0m18:08:16.592814 [debug] [MainThread]: Command `dbt debug` failed at 18:08:16.592751 after 2.00 seconds
[0m18:08:16.593053 [debug] [MainThread]: Connection 'debug' was left open.
[0m18:08:16.593189 [debug] [MainThread]: On debug: Close
[0m18:08:16.695253 [debug] [MainThread]: Sending event: {'category': 'dbt', 'action': 'invocation', 'label': 'end', 'context': [<snowplow_tracker.self_describing_json.SelfDescribingJson object at 0x00000288C95BA060>, <snowplow_tracker.self_describing_json.SelfDescribingJson object at 0x00000288C96F4A70>, <snowplow_tracker.self_describing_json.SelfDescribingJson object at 0x00000288C94CA8B0>]}
[0m18:08:16.695586 [debug] [MainThread]: Flushing usage events
[0m18:08:17.032412 [debug] [MainThread]: An error was encountered while trying to flush usage events
